Release 14.7 - xst P.20131013 (nt)
Copyright (c) 1995-2013 Xilinx, Inc.  All rights reserved.
--> Parameter TMPDIR set to xst/projnav.tmp


Total REAL time to Xst completion: 0.00 secs
Total CPU time to Xst completion: 0.09 secs
 
--> Parameter xsthdpdir set to xst


Total REAL time to Xst completion: 0.00 secs
Total CPU time to Xst completion: 0.09 secs
 
--> Reading design: main_spi_config.prj

TABLE OF CONTENTS
  1) Synthesis Options Summary
  2) HDL Parsing
  3) HDL Elaboration
  4) HDL Synthesis
       4.1) HDL Synthesis Report
  5) Advanced HDL Synthesis
       5.1) Advanced HDL Synthesis Report
  6) Low Level Synthesis
  7) Partition Report
  8) Design Summary
       8.1) Primitive and Black Box Usage
       8.2) Device utilization summary
       8.3) Partition Resource Summary
       8.4) Timing Report
            8.4.1) Clock Information
            8.4.2) Asynchronous Control Signals Information
            8.4.3) Timing Summary
            8.4.4) Timing Details
            8.4.5) Cross Clock Domains Report


=========================================================================
*                      Synthesis Options Summary                        *
=========================================================================
---- Source Parameters
Input File Name                    : "main_spi_config.prj"
Ignore Synthesis Constraint File   : NO

---- Target Parameters
Output File Name                   : "main_spi_config"
Output Format                      : NGC
Target Device                      : xc6slx45t-3-fgg484

---- Source Options
Top Module Name                    : main_spi_config
Automatic FSM Extraction           : YES
FSM Encoding Algorithm             : Auto
Safe Implementation                : No
FSM Style                          : LUT
RAM Extraction                     : Yes
RAM Style                          : Auto
ROM Extraction                     : Yes
Shift Register Extraction          : YES
ROM Style                          : Auto
Resource Sharing                   : YES
Asynchronous To Synchronous        : NO
Shift Register Minimum Size        : 2
Use DSP Block                      : Auto
Automatic Register Balancing       : No

---- Target Options
LUT Combining                      : Auto
Reduce Control Sets                : Auto
Add IO Buffers                     : YES
Global Maximum Fanout              : 100000
Add Generic Clock Buffer(BUFG)     : 16
Register Duplication               : YES
Optimize Instantiated Primitives   : NO
Use Clock Enable                   : Auto
Use Synchronous Set                : Auto
Use Synchronous Reset              : Auto
Pack IO Registers into IOBs        : Auto
Equivalent register Removal        : YES

---- General Options
Optimization Goal                  : Speed
Optimization Effort                : 1
Power Reduction                    : NO
Keep Hierarchy                     : No
Netlist Hierarchy                  : As_Optimized
RTL Output                         : Yes
Global Optimization                : AllClockNets
Read Cores                         : YES
Write Timing Constraints           : NO
Cross Clock Analysis               : NO
Hierarchy Separator                : /
Bus Delimiter                      : <>
Case Specifier                     : Maintain
Slice Utilization Ratio            : 100
BRAM Utilization Ratio             : 100
DSP48 Utilization Ratio            : 100
Auto BRAM Packing                  : NO
Slice Utilization Ratio Delta      : 5

=========================================================================


=========================================================================
*                          HDL Parsing                                  *
=========================================================================
Parsing VHDL file "C:\Xilinx\spi_config_test\main_spi_config.vhd" into library work
Parsing entity <init>.
Parsing architecture <Behavioral> of entity <init>.
ERROR:HDLCompiler:806 - "C:\Xilinx\spi_config_test\main_spi_config.vhd" Line 52: Syntax error near "0".
ERROR:HDLCompiler:69 - "C:\Xilinx\spi_config_test\main_spi_config.vhd" Line 59: <config_reg> is not declared.
ERROR:HDLCompiler:806 - "C:\Xilinx\spi_config_test\main_spi_config.vhd" Line 65: Syntax error near "for".
ERROR:HDLCompiler:294 - "C:\Xilinx\spi_config_test\main_spi_config.vhd" Line 66: Cannot update 'in' object data_config
ERROR:HDLCompiler:69 - "C:\Xilinx\spi_config_test\main_spi_config.vhd" Line 66: <data> is not declared.
ERROR:HDLCompiler:806 - "C:\Xilinx\spi_config_test\main_spi_config.vhd" Line 67: Syntax error near "loop".
ERROR:HDLCompiler:69 - "C:\Xilinx\spi_config_test\main_spi_config.vhd" Line 77: <count> is not declared.
ERROR:HDLCompiler:69 - "C:\Xilinx\spi_config_test\main_spi_config.vhd" Line 81: <count> is not declared.
ERROR:HDLCompiler:69 - "C:\Xilinx\spi_config_test\main_spi_config.vhd" Line 82: <spi_miso> is not declared.
ERROR:HDLCompiler:69 - "C:\Xilinx\spi_config_test\main_spi_config.vhd" Line 80: <count> is not declared.
WARNING:HDLCompiler:1369 - "C:\Xilinx\spi_config_test\main_spi_config.vhd" Line 68: Possible infinite loop; process does not have a wait statement
ERROR:HDLCompiler:854 - "C:\Xilinx\spi_config_test\main_spi_config.vhd" Line 47: Unit <behavioral> ignored due to previous errors.
VHDL file C:\Xilinx\spi_config_test\main_spi_config.vhd ignored due to errors
--> 

Total memory usage is 268820 kilobytes

Number of errors   :   11 (   0 filtered)
Number of warnings :    1 (   0 filtered)
Number of infos    :    0 (   0 filtered)

